Flow report for max1000
Mon Mar  2 15:27:36 2020
Quartus Prime Version 18.1.0 Build 625 09/12/2018 SJ Lite Edition


---------------------
; Table of Contents ;
---------------------
  1. Legal Notice
  2. Flow Summary
  3. Flow Settings
  4. Flow Non-Default Global Settings
  5. Flow Elapsed Time
  6. Flow OS Summary
  7. Flow Log
  8. Flow Messages
  9. Flow Suppressed Messages



----------------
; Legal Notice ;
----------------
Copyright (C) 2018  Intel Corporation. All rights reserved.
Your use of Intel Corporation's design tools, logic functions 
and other software and tools, and its AMPP partner logic 
functions, and any output files from any of the foregoing 
(including device programming or simulation files), and any 
associated documentation or information are expressly subject 
to the terms and conditions of the Intel Program License 
Subscription Agreement, the Intel Quartus Prime License Agreement,
the Intel FPGA IP License Agreement, or other applicable license
agreement, including, without limitation, that your use is for
the sole purpose of programming logic devices manufactured by
Intel and sold by Intel or its authorized distributors.  Please
refer to the applicable agreement for further details.



+----------------------------------------------------------------------------------+
; Flow Summary                                                                     ;
+------------------------------------+---------------------------------------------+
; Flow Status                        ; Flow Failed - Mon Mar  2 15:27:36 2020      ;
; Quartus Prime Version              ; 18.1.0 Build 625 09/12/2018 SJ Lite Edition ;
; Revision Name                      ; max1000                                     ;
; Top-level Entity Name              ; max1000                                     ;
; Family                             ; MAX 10                                      ;
; Device                             ; 10M08SAU169C8G                              ;
; Timing Models                      ; Final                                       ;
; Total logic elements               ; 10,375 / 8,064 ( 129 % )                    ;
;     Total combinational functions  ; 8,303 / 8,064 ( 103 % )                     ;
;     Dedicated logic registers      ; 3,916 / 8,064 ( 49 % )                      ;
; Total registers                    ; 3916                                        ;
; Total pins                         ; 51 / 130 ( 39 % )                           ;
; Total virtual pins                 ; 0                                           ;
; Total memory bits                  ; 524,288 / 387,072 ( 135 % )                 ;
; Embedded Multiplier 9-bit elements ; 8 / 48 ( 17 % )                             ;
; Total PLLs                         ; 1 / 1 ( 100 % )                             ;
; UFM blocks                         ; 0 / 1 ( 0 % )                               ;
; ADC blocks                         ; 0 / 1 ( 0 % )                               ;
+------------------------------------+---------------------------------------------+


+-----------------------------------------+
; Flow Settings                           ;
+-------------------+---------------------+
; Option            ; Setting             ;
+-------------------+---------------------+
; Start date & time ; 03/02/2020 15:25:14 ;
; Main task         ; Compilation         ;
; Revision Name     ; max1000             ;
+-------------------+---------------------+


+--------------------------------------------------------------------------------------------------------------------------------+
; Flow Non-Default Global Settings                                                                                               ;
+-------------------------------------+-----------------------------------------------+---------------+-------------+------------+
; Assignment Name                     ; Value                                         ; Default Value ; Entity Name ; Section Id ;
+-------------------------------------+-----------------------------------------------+---------------+-------------+------------+
; COMPILER_SIGNATURE_ID               ; 2936928461027.158313031408196                 ; --            ; --          ; --         ;
; FLOW_ENABLE_POWER_ANALYZER          ; On                                            ; Off           ; --          ; --         ;
; MAX_CORE_JUNCTION_TEMP              ; 85                                            ; --            ; --          ; --         ;
; MIN_CORE_JUNCTION_TEMP              ; 0                                             ; --            ; --          ; --         ;
; MISC_FILE                           ; pll.ppf                                       ; --            ; --          ; --         ;
; OUTPUT_IO_TIMING_FAR_END_VMEAS      ; Half Signal Swing                             ; --            ; --          ; --         ;
; OUTPUT_IO_TIMING_FAR_END_VMEAS      ; Half Signal Swing                             ; --            ; --          ; --         ;
; OUTPUT_IO_TIMING_NEAR_END_VMEAS     ; Half Vccio                                    ; --            ; --          ; --         ;
; OUTPUT_IO_TIMING_NEAR_END_VMEAS     ; Half Vccio                                    ; --            ; --          ; --         ;
; PARTITION_COLOR                     ; -- (Not supported for targeted family)        ; --            ; --          ; Top        ;
; PARTITION_FITTER_PRESERVATION_LEVEL ; -- (Not supported for targeted family)        ; --            ; --          ; Top        ;
; PARTITION_NETLIST_TYPE              ; -- (Not supported for targeted family)        ; --            ; --          ; Top        ;
; POWER_BOARD_THERMAL_MODEL           ; None (CONSERVATIVE)                           ; --            ; --          ; --         ;
; POWER_DEFAULT_INPUT_IO_TOGGLE_RATE  ; 12.5 %                                        ; 12.5%         ; --          ; --         ;
; POWER_PRESET_COOLING_SOLUTION       ; 23 MM HEAT SINK WITH 200 LFPM AIRFLOW         ; --            ; --          ; --         ;
; PROJECT_OUTPUT_DIRECTORY            ; output_files                                  ; --            ; --          ; --         ;
; SEARCH_PATH                         ; /home/vagrant/develop/riscv/scr1/max1000/ip   ; --            ; --          ; --         ;
; SEARCH_PATH                         ; /home/vagrant/develop/riscv/scr1/src/includes ; --            ; --          ; --         ;
; VERILOG_INPUT_VERSION               ; SystemVerilog_2005                            ; Verilog_2001  ; --          ; --         ;
; VERILOG_SHOW_LMF_MAPPING_MESSAGES   ; Off                                           ; --            ; --          ; --         ;
+-------------------------------------+-----------------------------------------------+---------------+-------------+------------+


+--------------------------------------------------------------------------------------------------------------------------+
; Flow Elapsed Time                                                                                                        ;
+----------------------+--------------+-------------------------+---------------------+------------------------------------+
; Module Name          ; Elapsed Time ; Average Processors Used ; Peak Virtual Memory ; Total CPU Time (on all processors) ;
+----------------------+--------------+-------------------------+---------------------+------------------------------------+
; Analysis & Synthesis ; 00:02:10     ; 1.0                     ; 1085 MB             ; 00:02:32                           ;
; Fitter               ; 00:00:08     ; 1.0                     ; 958 MB              ; 00:00:08                           ;
; Total                ; 00:02:18     ; --                      ; --                  ; 00:02:40                           ;
+----------------------+--------------+-------------------------+---------------------+------------------------------------+


+----------------------------------------------------------------------------------------+
; Flow OS Summary                                                                        ;
+----------------------+------------------+----------------+------------+----------------+
; Module Name          ; Machine Hostname ; OS Name        ; OS Version ; Processor type ;
+----------------------+------------------+----------------+------------+----------------+
; Analysis & Synthesis ; ubuntu-bionic    ; Ubuntu 18.04.4 ; 18         ; x86_64         ;
; Fitter               ; ubuntu-bionic    ; Ubuntu 18.04.4 ; 18         ; x86_64         ;
+----------------------+------------------+----------------+------------+----------------+


------------
; Flow Log ;
------------
quartus_map --read_settings_files=on --write_settings_files=off max1000 -c max1000
quartus_fit --read_settings_files=off --write_settings_files=off max1000 -c max1000



